<?xml version="1.0" encoding="UTF-8"?>
<testsuite name="MainTest" tests="3" skipped="0" failures="0" errors="0" timestamp="2022-08-16T12:33:08" hostname="Muhannads-MacBook-Air.local" time="0.167">
  <properties/>
  <testcase name="testRemoveDuplicates()" classname="MainTest" time="0.166"/>
  <testcase name="testAddToFraze()" classname="MainTest" time="0.001"/>
  <testcase name="testRemoveSpaces()" classname="MainTest" time="0.0"/>
  <system-out><![CDATA[]]></system-out>
  <system-err><![CDATA[]]></system-err>
</testsuite>
